<?xml version="1.0" encoding="UTF-8"?>
<!-- Generated by org.testng.reporters.JUnitXMLReporter -->
<testsuite ignored="0" hostname="DESKTOP-HCSUVAF" failures="0" tests="3" name="Default test" time="33.492" errors="0" timestamp="2023-04-13T11:37:20 EDT">
  <testcase classname="test.DashBoardTest" name="userShouldLandOnDashboardPage" time="8.308"/>
  <testcase classname="test.DashBoardTest" name="valiateMonthDropdown" time="10.298"/>
  <testcase classname="test.DashBoardTest" name="userShouldAddCtegory" time="14.833"/>
</testsuite> <!-- Default test -->
