<?xml version="1.0" encoding="UTF-8"?>
<testng-results ignored="0" total="3" passed="3" failed="0" skipped="0">
  <reporter-output>
  </reporter-output>
  <suite started-at="2023-04-13T11:36:46 EDT" name="Default suite" finished-at="2023-04-13T11:37:20 EDT" duration-ms="33492">
    <groups>
    </groups>
    <test started-at="2023-04-13T11:36:46 EDT" name="Default test" finished-at="2023-04-13T11:37:20 EDT" duration-ms="33492">
      <class name="test.DashBoardTest">
        <test-method signature="userShouldLandOnDashboardPage()[pri:1, instance:test.DashBoardTest@3246fb96]" started-at="2023-04-13T11:36:46 EDT" name="userShouldLandOnDashboardPage" finished-at="2023-04-13T11:36:55 EDT" duration-ms="8308" status="PASS">
          <reporter-output>
          </reporter-output>
        </test-method> <!-- userShouldLandOnDashboardPage -->
        <test-method signature="valiateMonthDropdown()[pri:2, instance:test.DashBoardTest@3246fb96]" started-at="2023-04-13T11:36:55 EDT" name="valiateMonthDropdown" finished-at="2023-04-13T11:37:05 EDT" duration-ms="10298" status="PASS">
          <reporter-output>
          </reporter-output>
        </test-method> <!-- valiateMonthDropdown -->
        <test-method signature="userShouldAddCtegory()[pri:3, instance:test.DashBoardTest@3246fb96]" started-at="2023-04-13T11:37:05 EDT" name="userShouldAddCtegory" finished-at="2023-04-13T11:37:20 EDT" duration-ms="14833" status="PASS">
          <reporter-output>
          </reporter-output>
        </test-method> <!-- userShouldAddCtegory -->
      </class> <!-- test.DashBoardTest -->
    </test> <!-- Default test -->
  </suite> <!-- Default suite -->
</testng-results>
